<?xml version="1.0" encoding="UTF-8"?>
<!-- Generated by org.testng.reporters.JUnitXMLReporter -->
<testsuite ignored="1" hostname="DESKTOP-5BKKI8L" failures="0" tests="2" name="Default test" time="73.146" errors="0" timestamp="2024-05-08T05:33:21 PDT">
  <testcase classname="com.allianz.test.loginTest" name="invalidLogin" time="4.29"/>
  <testcase classname="com.allianz.test.loginTest" name="invalidLogin" time="3.22"/>
  <testcase classname="com.allianz.test.loginTest" name="validLogin" time="0.0">
    <ignored/>
  </testcase> <!-- validLogin -->
</testsuite> <!-- Default test -->
