<?xml version="1.0" encoding="UTF-8"?>
<!-- Generated by org.testng.reporters.JUnitXMLReporter -->
<testsuite ignored="0" hostname="DESKTOP-5BKKI8L" failures="0" tests="6" name="Default test" time="66.446" errors="0" timestamp="2024-05-14T12:16:25 PDT">
  <testcase classname="com.allianz.test.loginTest" name="invalidLogin" time="3.141"/>
  <testcase classname="com.allianz.test.loginTest" name="invalidLogin" time="2.065"/>
  <testcase classname="com.allianz.test.loginTest" name="invalidLogin" time="3.791"/>
  <testcase classname="com.allianz.test.loginTest" name="invalidLogin" time="3.301"/>
  <testcase classname="com.allianz.test.loginTest" name="validLogin" time="3.282"/>
  <testcase classname="com.allianz.test.loginTest" name="validLogin" time="6.478"/>
</testsuite> <!-- Default test -->
