<?xml version="1.0" encoding="UTF-8"?>
<!-- Generated by org.testng.reporters.JUnitXMLReporter -->
<testsuite ignored="2" hostname="DESKTOP-5BKKI8L" failures="0" tests="2" name="UI edge Test" time="34.053" errors="0" timestamp="2024-05-14T22:21:08 PDT">
  <testcase classname="com.allianz.test.loginUITest" name="Application" time="1.242"/>
  <testcase classname="com.allianz.test.AddEmployee" name="uploadinvalidpicture" time="9.968"/>
  <testcase classname="com.allianz.test.loginTest" name="invalidLogin" time="0.0">
    <ignored/>
  </testcase> <!-- invalidLogin -->
  <testcase classname="com.allianz.test.loginTest" name="validLogin" time="0.0">
    <ignored/>
  </testcase> <!-- validLogin -->
</testsuite> <!-- UI edge Test -->
