<?xml version="1.0" encoding="UTF-8"?>
<testng-results ignored="0" total="1" passed="1" failed="0" skipped="0">
  <reporter-output>
  </reporter-output>
  <suite started-at="2024-05-14T05:16:56 PDT" name="Default suite" finished-at="2024-05-14T05:17:18 PDT" duration-ms="21472">
    <groups>
    </groups>
    <test started-at="2024-05-14T05:16:56 PDT" name="Default test" finished-at="2024-05-14T05:17:18 PDT" duration-ms="21472">
      <class name="com.allianz.test.AddEmployee">
        <test-method is-config="true" signature="setup()[pri:0, instance:com.allianz.test.AddEmployee@942a29c]" started-at="2024-05-14T05:16:56 PDT" name="setup" finished-at="2024-05-14T05:17:09 PDT" duration-ms="12480" status="PASS">
          <reporter-output>
          </reporter-output>
        </test-method> <!-- setup -->
        <test-method signature="uploadinvalidpicture()[pri:0, instance:com.allianz.test.AddEmployee@942a29c]" started-at="2024-05-14T05:17:09 PDT" name="uploadinvalidpicture" finished-at="2024-05-14T05:17:18 PDT" duration-ms="8848" status="PASS">
          <reporter-output>
          </reporter-output>
        </test-method> <!-- uploadinvalidpicture -->
        <test-method is-config="true" signature="teardown()[pri:0, instance:com.allianz.test.AddEmployee@942a29c]" started-at="2024-05-14T05:17:18 PDT" name="teardown" finished-at="2024-05-14T05:17:18 PDT" duration-ms="1" status="PASS">
          <reporter-output>
          </reporter-output>
        </test-method> <!-- teardown -->
      </class> <!-- com.allianz.test.AddEmployee -->
    </test> <!-- Default test -->
  </suite> <!-- Default suite -->
</testng-results>
